Attaching to nexus3_nexus_1
[36mnexus_1  |[0m mkdir: cannot create directory '../sonatype-work/nexus3/log': Permission denied
[36mnexus_1  |[0m mkdir: cannot create directory '../sonatype-work/nexus3/tmp': Permission denied
[36mnexus_1  |[0m OpenJDK 64-Bit Server VM warning: Cannot open file ../sonatype-work/nexus3/log/jvm.log due to No such file or directory
[36mnexus_1  |[0m 
[36mnexus_1  |[0m Warning:  Cannot open log file: ../sonatype-work/nexus3/log/jvm.log
[36mnexus_1  |[0m Warning:  Forcing option -XX:LogFile=/tmp/jvm.log
[36mnexus_1  |[0m java.io.FileNotFoundException: ../sonatype-work/nexus3/tmp/i4j_ZTDnGON8hezynsMX2ZCYAVDtQog=.lock (No such file or directory)
[36mnexus_1  |[0m 	at java.io.RandomAccessFile.open0(Native Method)
[36mnexus_1  |[0m 	at java.io.RandomAccessFile.open(RandomAccessFile.java:316)
[36mnexus_1  |[0m 	at java.io.RandomAccessFile.<init>(RandomAccessFile.java:243)
[36mnexus_1  |[0m 	at com.install4j.runtime.launcher.util.SingleInstance.check(SingleInstance.java:72)
[36mnexus_1  |[0m 	at com.install4j.runtime.launcher.util.SingleInstance.checkForCurrentLauncher(SingleInstance.java:31)
[36mnexus_1  |[0m 	at com.install4j.runtime.launcher.UnixLauncher.checkSingleInstance(UnixLauncher.java:88)
[36mnexus_1  |[0m 	at com.install4j.runtime.launcher.UnixLauncher.main(UnixLauncher.java:67)
[36mnexus_1  |[0m java.io.FileNotFoundException: /nexus-data/karaf.pid (Permission denied)
[36mnexus_1  |[0m 	at java.io.FileOutputStream.open0(Native Method)
[36mnexus_1  |[0m 	at java.io.FileOutputStream.open(FileOutputStream.java:270)
[36mnexus_1  |[0m 	at java.io.FileOutputStream.<init>(FileOutputStream.java:213)
[36mnexus_1  |[0m 	at java.io.FileOutputStream.<init>(FileOutputStream.java:101)
[36mnexus_1  |[0m 	at org.apache.karaf.main.InstanceHelper.writePid(InstanceHelper.java:126)
[36mnexus_1  |[0m 	at org.apache.karaf.main.Main.launch(Main.java:243)
[36mnexus_1  |[0m 	at org.sonatype.nexus.karaf.NexusMain.launch(NexusMain.java:113)
[36mnexus_1  |[0m 	at org.sonatype.nexus.karaf.NexusMain.main(NexusMain.java:52)
[36mnexus_1  |[0m 	at sun.reflect.NativeMethodAccessorImpl.invoke0(Native Method)
[36mnexus_1  |[0m 	at sun.reflect.NativeMethodAccessorImpl.invoke(NativeMethodAccessorImpl.java:62)
[36mnexus_1  |[0m 	at sun.reflect.DelegatingMethodAccessorImpl.invoke(DelegatingMethodAccessorImpl.java:43)
[36mnexus_1  |[0m 	at java.lang.reflect.Method.invoke(Method.java:498)
[36mnexus_1  |[0m 	at com.exe4j.runtime.LauncherEngine.launch(LauncherEngine.java:85)
[36mnexus_1  |[0m 	at com.install4j.runtime.launcher.UnixLauncher.main(UnixLauncher.java:69)
[36mnexus_1  |[0m java.lang.RuntimeException: /nexus-data/log/karaf.log (No such file or directory)
[36mnexus_1  |[0m 	at org.apache.karaf.main.util.BootstrapLogManager.getDefaultHandlerInternal(BootstrapLogManager.java:102)
[36mnexus_1  |[0m 	at org.apache.karaf.main.util.BootstrapLogManager.getDefaultHandlersInternal(BootstrapLogManager.java:137)
[36mnexus_1  |[0m 	at org.apache.karaf.main.util.BootstrapLogManager.getDefaultHandlers(BootstrapLogManager.java:70)
[36mnexus_1  |[0m 	at org.apache.karaf.main.util.BootstrapLogManager.configureLogger(BootstrapLogManager.java:75)
[36mnexus_1  |[0m 	at org.apache.karaf.main.Main.launch(Main.java:244)
[36mnexus_1  |[0m 	at org.sonatype.nexus.karaf.NexusMain.launch(NexusMain.java:113)
[36mnexus_1  |[0m 	at org.sonatype.nexus.karaf.NexusMain.main(NexusMain.java:52)
[36mnexus_1  |[0m 	at sun.reflect.NativeMethodAccessorImpl.invoke0(Native Method)
[36mnexus_1  |[0m 	at sun.reflect.NativeMethodAccessorImpl.invoke(NativeMethodAccessorImpl.java:62)
[36mnexus_1  |[0m 	at sun.reflect.DelegatingMethodAccessorImpl.invoke(DelegatingMethodAccessorImpl.java:43)
[36mnexus_1  |[0m 	at java.lang.reflect.Method.invoke(Method.java:498)
[36mnexus_1  |[0m 	at com.exe4j.runtime.LauncherEngine.launch(LauncherEngine.java:85)
[36mnexus_1  |[0m 	at com.install4j.runtime.launcher.UnixLauncher.main(UnixLauncher.java:69)
[36mnexus_1  |[0m Caused by: java.io.FileNotFoundException: /nexus-data/log/karaf.log (No such file or directory)
[36mnexus_1  |[0m 	at java.io.FileOutputStream.open0(Native Method)
[36mnexus_1  |[0m 	at java.io.FileOutputStream.open(FileOutputStream.java:270)
[36mnexus_1  |[0m 	at java.io.FileOutputStream.<init>(FileOutputStream.java:213)
[36mnexus_1  |[0m 	at org.apache.karaf.main.util.BootstrapLogManager$SimpleFileHandler.open(BootstrapLogManager.java:193)
[36mnexus_1  |[0m 	at org.apache.karaf.main.util.BootstrapLogManager$SimpleFileHandler.<init>(BootstrapLogManager.java:182)
[36mnexus_1  |[0m 	at org.apache.karaf.main.util.BootstrapLogManager.getDefaultHandlerInternal(BootstrapLogManager.java:100)
[36mnexus_1  |[0m 	... 12 more
[36mnexus_1  |[0m Error creating bundle cache.
[36mnexus_1  |[0m Unable to update instance pid: Unable to create directory /nexus-data/instances
[36mnexus_1  |[0m mkdir: cannot create directory '../sonatype-work/nexus3/log': Permission denied
[36mnexus_1  |[0m mkdir: cannot create directory '../sonatype-work/nexus3/tmp': Permission denied
[36mnexus_1  |[0m OpenJDK 64-Bit Server VM warning: Cannot open file ../sonatype-work/nexus3/log/jvm.log due to No such file or directory
[36mnexus_1  |[0m 
[36mnexus_1  |[0m Warning:  Cannot open log file: ../sonatype-work/nexus3/log/jvm.log
[36mnexus_1  |[0m Warning:  Forcing option -XX:LogFile=/tmp/jvm.log
[36mnexus_1  |[0m java.io.FileNotFoundException: ../sonatype-work/nexus3/tmp/i4j_ZTDnGON8hezynsMX2ZCYAVDtQog=.lock (No such file or directory)
[36mnexus_1  |[0m 	at java.io.RandomAccessFile.open0(Native Method)
[36mnexus_1  |[0m 	at java.io.RandomAccessFile.open(RandomAccessFile.java:316)
[36mnexus_1  |[0m 	at java.io.RandomAccessFile.<init>(RandomAccessFile.java:243)
[36mnexus_1  |[0m 	at com.install4j.runtime.launcher.util.SingleInstance.check(SingleInstance.java:72)
[36mnexus_1  |[0m 	at com.install4j.runtime.launcher.util.SingleInstance.checkForCurrentLauncher(SingleInstance.java:31)
[36mnexus_1  |[0m 	at com.install4j.runtime.launcher.UnixLauncher.checkSingleInstance(UnixLauncher.java:88)
[36mnexus_1  |[0m 	at com.install4j.runtime.launcher.UnixLauncher.main(UnixLauncher.java:67)
[36mnexus_1  |[0m java.io.FileNotFoundException: /nexus-data/karaf.pid (Permission denied)
[36mnexus_1  |[0m 	at java.io.FileOutputStream.open0(Native Method)
[36mnexus_1  |[0m 	at java.io.FileOutputStream.open(FileOutputStream.java:270)
[36mnexus_1  |[0m 	at java.io.FileOutputStream.<init>(FileOutputStream.java:213)
[36mnexus_1  |[0m 	at java.io.FileOutputStream.<init>(FileOutputStream.java:101)
[36mnexus_1  |[0m 	at org.apache.karaf.main.InstanceHelper.writePid(InstanceHelper.java:126)
[36mnexus_1  |[0m 	at org.apache.karaf.main.Main.launch(Main.java:243)
[36mnexus_1  |[0m 	at org.sonatype.nexus.karaf.NexusMain.launch(NexusMain.java:113)
[36mnexus_1  |[0m 	at org.sonatype.nexus.karaf.NexusMain.main(NexusMain.java:52)
[36mnexus_1  |[0m 	at sun.reflect.NativeMethodAccessorImpl.invoke0(Native Method)
[36mnexus_1  |[0m 	at sun.reflect.NativeMethodAccessorImpl.invoke(NativeMethodAccessorImpl.java:62)
[36mnexus_1  |[0m 	at sun.reflect.DelegatingMethodAccessorImpl.invoke(DelegatingMethodAccessorImpl.java:43)
[36mnexus_1  |[0m 	at java.lang.reflect.Method.invoke(Method.java:498)
[36mnexus_1  |[0m 	at com.exe4j.runtime.LauncherEngine.launch(LauncherEngine.java:85)
[36mnexus_1  |[0m 	at com.install4j.runtime.launcher.UnixLauncher.main(UnixLauncher.java:69)
[36mnexus_1  |[0m java.lang.RuntimeException: /nexus-data/log/karaf.log (No such file or directory)
[36mnexus_1  |[0m 	at org.apache.karaf.main.util.BootstrapLogManager.getDefaultHandlerInternal(BootstrapLogManager.java:102)
[36mnexus_1  |[0m 	at org.apache.karaf.main.util.BootstrapLogManager.getDefaultHandlersInternal(BootstrapLogManager.java:137)
[36mnexus_1  |[0m 	at org.apache.karaf.main.util.BootstrapLogManager.getDefaultHandlers(BootstrapLogManager.java:70)
[36mnexus_1  |[0m 	at org.apache.karaf.main.util.BootstrapLogManager.configureLogger(BootstrapLogManager.java:75)
[36mnexus_1  |[0m 	at org.apache.karaf.main.Main.launch(Main.java:244)
[36mnexus_1  |[0m 	at org.sonatype.nexus.karaf.NexusMain.launch(NexusMain.java:113)
[36mnexus_1  |[0m 	at org.sonatype.nexus.karaf.NexusMain.main(NexusMain.java:52)
[36mnexus_1  |[0m 	at sun.reflect.NativeMethodAccessorImpl.invoke0(Native Method)
[36mnexus_1  |[0m 	at sun.reflect.NativeMethodAccessorImpl.invoke(NativeMethodAccessorImpl.java:62)
[36mnexus_1  |[0m 	at sun.reflect.DelegatingMethodAccessorImpl.invoke(DelegatingMethodAccessorImpl.java:43)
[36mnexus_1  |[0m 	at java.lang.reflect.Method.invoke(Method.java:498)
[36mnexus_1  |[0m 	at com.exe4j.runtime.LauncherEngine.launch(LauncherEngine.java:85)
[36mnexus_1  |[0m 	at com.install4j.runtime.launcher.UnixLauncher.main(UnixLauncher.java:69)
[36mnexus_1  |[0m Caused by: java.io.FileNotFoundException: /nexus-data/log/karaf.log (No such file or directory)
[36mnexus_1  |[0m 	at java.io.FileOutputStream.open0(Native Method)
[36mnexus_1  |[0m 	at java.io.FileOutputStream.open(FileOutputStream.java:270)
[36mnexus_1  |[0m 	at java.io.FileOutputStream.<init>(FileOutputStream.java:213)
[36mnexus_1  |[0m 	at org.apache.karaf.main.util.BootstrapLogManager$SimpleFileHandler.open(BootstrapLogManager.java:193)
[36mnexus_1  |[0m 	at org.apache.karaf.main.util.BootstrapLogManager$SimpleFileHandler.<init>(BootstrapLogManager.java:182)
[36mnexus_1  |[0m 	at org.apache.karaf.main.util.BootstrapLogManager.getDefaultHandlerInternal(BootstrapLogManager.java:100)
[36mnexus_1  |[0m 	... 12 more
[36mnexus_1  |[0m Error creating bundle cache.
[36mnexus_1  |[0m Unable to update instance pid: Unable to create directory /nexus-data/instances
